<?xml version="1.0" encoding="UTF-8"?>
<!-- Generated by org.testng.reporters.JUnitReportReporter -->
<testsuite hostname="DESKTOP-950LFMG" failures="0" tests="1" name="com.testNG.DemoTest" time="0.032" errors="0" timestamp="2023-08-07T05:29:54 PDT" skipped="0">
  <testcase classname="com.testNG.DemoTest" name="roomBooking" time="0.032"/>
  <system-out/>
</testsuite> <!-- com.testNG.DemoTest -->
