<?xml version="1.0" encoding="UTF-8"?>
<!-- Generated by org.testng.reporters.JUnitReportReporter -->
<testsuite hostname="DESKTOP-950LFMG" failures="0" tests="2" name="com.testNG.DemoTest" time="0.044" errors="0" timestamp="2023-08-07T05:32:08 PDT" skipped="1">
  <testcase classname="com.testNG.DemoTest" name="ignore" time="0.044"/>
  <system-out/>
  <testcase classname="com.testNG.DemoTest" name="roomBooking">
    <skipped/>
  </testcase> <!-- roomBooking -->
  <system-out/>
</testsuite> <!-- com.testNG.DemoTest -->
